1617704561235	geckodriver	INFO	Listening on 127.0.0.1:55836
1617704564301	mozrunner::runner	INFO	Running command: "C:\\Program Files\\Mozilla Firefox\\firefox.exe" "--marionette" "-foreground" "-no-remote" "-profile" "C:\\Users\\ADRIAN~1.KUB\\AppData\\Local\\Temp\\rust_mozprofilembAS8c"
console.warn: SearchSettings: "get: No settings file exists, new profile?" (new Error("", "(unknown module)"))
1617704567957	Marionette	INFO	Listening on port 55846
1617704568022	Marionette	WARN	TLS certificate errors will be ignored for this session
1617704700933	Marionette	INFO	Stopped listening on port 55846

###!!! [Child][RunMessage] Error: Channel closing: too late to send/recv, messages will be lost

1622616624273	geckodriver	INFO	Listening on 127.0.0.1:63139
1622616627263	mozrunner::runner	INFO	Running command: "C:\\Program Files\\Mozilla Firefox\\firefox.exe" "--marionette" "-foreground" "-no-remote" "-profile" "C:\\Users\\ADRIAN~1.KUB\\AppData\\Local\\Temp\\rust_mozprofilexZZdO9"
1622616627797	Marionette	INFO	Marionette enabled
console.warn: SearchSettings: "get: No settings file exists, new profile?" (new Error("", "(unknown module)"))
1622616630087	Marionette	INFO	Listening on port 63150
1622616630452	Marionette	WARN	TLS certificate errors will be ignored for this session
JavaScript error: https://nofluffjobs.com/pl/jobs?criteria=data%20analyst&page=1 line 14663 > injectedScript, line 1: ReferenceError: $ is not defined
JavaScript error: https://nofluffjobs.com/pl/jobs?criteria=data%20analyst&page=2 line 14663 > injectedScript, line 1: ReferenceError: $ is not defined
JavaScript error: https://nofluffjobs.com/pl/jobs?criteria=data%20analyst&page=3 line 14663 > injectedScript, line 1: ReferenceError: $ is not defined
1622616654586	Marionette	INFO	Stopped listening on port 63150

###!!! [Child][RunMessage] Error: Channel closing: too late to send/recv, messages will be lost

1622616662895	geckodriver	INFO	Listening on 127.0.0.1:63341
1622616665958	mozrunner::runner	INFO	Running command: "C:\\Program Files\\Mozilla Firefox\\firefox.exe" "--marionette" "-foreground" "-no-remote" "-profile" "C:\\Users\\ADRIAN~1.KUB\\AppData\\Local\\Temp\\rust_mozprofilejeDjOv"
1622616666341	Marionette	INFO	Marionette enabled
console.warn: SearchSettings: "get: No settings file exists, new profile?" (new Error("", "(unknown module)"))
1622616668855	Marionette	INFO	Listening on port 63351
1622616669145	Marionette	WARN	TLS certificate errors will be ignored for this session
JavaScript error: https://nofluffjobs.com/pl/jobs?criteria=data%20analyst&page=1 line 14663 > injectedScript, line 1: ReferenceError: $ is not defined
JavaScript error: https://nofluffjobs.com/pl/jobs?criteria=data%20analyst&page=2 line 14663 > injectedScript, line 1: ReferenceError: $ is not defined
JavaScript error: https://nofluffjobs.com/pl/jobs?criteria=data%20analyst&page=3 line 14663 > injectedScript, line 1: ReferenceError: $ is not defined
JavaScript error: https://nofluffjobs.com/pl/jobs?criteria=data%20scientist&page=1 line 14663 > injectedScript, line 1: ReferenceError: $ is not defined
JavaScript error: https://nofluffjobs.com/pl/jobs?criteria=data%20engineer&page=1 line 14663 > injectedScript, line 1: ReferenceError: $ is not defined
JavaScript error: https://nofluffjobs.com/pl/jobs?criteria=data%20engineer&page=2 line 14663 > injectedScript, line 1: ReferenceError: $ is not defined
JavaScript error: https://nofluffjobs.com/pl/jobs?criteria=data%20engineer&page=3 line 14663 > injectedScript, line 1: ReferenceError: $ is not defined
JavaScript error: https://nofluffjobs.com/pl/jobs?criteria=data%20engineer&page=4 line 14663 > injectedScript, line 1: ReferenceError: $ is not defined
JavaScript error: https://nofluffjobs.com/pl/jobs?criteria=data%20engineer&page=5 line 14663 > injectedScript, line 1: ReferenceError: $ is not defined
JavaScript error: https://nofluffjobs.com/pl/jobs?criteria=data%20engineer&page=6 line 14663 > injectedScript, line 1: ReferenceError: $ is not defined
1622616744516	Marionette	INFO	Stopped listening on port 63351

###!!! [Child][RunMessage] Error: Channel closing: too late to send/recv, messages will be lost

1622616989394	geckodriver	INFO	Listening on 127.0.0.1:62265
1622616992375	mozrunner::runner	INFO	Running command: "C:\\Program Files\\Mozilla Firefox\\firefox.exe" "--marionette" "-foreground" "-no-remote" "-profile" "C:\\Users\\ADRIAN~1.KUB\\AppData\\Local\\Temp\\rust_mozprofilexLc0Iv"
1622616992799	Marionette	INFO	Marionette enabled
console.warn: SearchSettings: "get: No settings file exists, new profile?" (new Error("", "(unknown module)"))
1622616995554	Marionette	INFO	Listening on port 62279
1622616995599	Marionette	WARN	TLS certificate errors will be ignored for this session
JavaScript error: https://nofluffjobs.com/pl/jobs?criteria=data%20analyst&page=1 line 14663 > injectedScript, line 1: ReferenceError: $ is not defined
JavaScript error: https://nofluffjobs.com/pl/jobs?criteria=data%20analyst&page=2 line 14663 > injectedScript, line 1: ReferenceError: $ is not defined
JavaScript error: https://nofluffjobs.com/pl/jobs?criteria=data%20analyst&page=3 line 14663 > injectedScript, line 1: ReferenceError: $ is not defined
JavaScript error: https://nofluffjobs.com/pl/jobs?criteria=data%20scientist&page=1 line 14663 > injectedScript, line 1: ReferenceError: $ is not defined
JavaScript error: https://nofluffjobs.com/pl/jobs?criteria=data%20engineer&page=1 line 14663 > injectedScript, line 1: ReferenceError: $ is not defined
JavaScript error: https://nofluffjobs.com/pl/jobs?criteria=data%20engineer&page=2 line 14663 > injectedScript, line 1: ReferenceError: $ is not defined
JavaScript error: https://nofluffjobs.com/pl/jobs?criteria=data%20engineer&page=3 line 14663 > injectedScript, line 1: ReferenceError: $ is not defined
JavaScript error: https://nofluffjobs.com/pl/jobs?criteria=data%20engineer&page=4 line 14663 > injectedScript, line 1: ReferenceError: $ is not defined
JavaScript error: https://nofluffjobs.com/pl/jobs?criteria=data%20engineer&page=5 line 14663 > injectedScript, line 1: ReferenceError: $ is not defined
JavaScript error: https://nofluffjobs.com/pl/jobs?criteria=data%20engineer&page=6 line 14663 > injectedScript, line 1: ReferenceError: $ is not defined
1622617087393	Marionette	INFO	Stopped listening on port 62279

###!!! [Child][RunMessage] Error: Channel closing: too late to send/recv, messages will be lost

1625728246940	geckodriver	INFO	Listening on 127.0.0.1:49271
1625728249894	mozrunner::runner	INFO	Running command: "C:\\Program Files\\Mozilla Firefox\\firefox.exe" "--marionette" "-foreground" "-no-remote" "-profile" "C:\\Users\\ADRIAN~1.KUB\\AppData\\Local\\Temp\\rust_mozprofileSp3GfS"
1625728250394	Marionette	INFO	Marionette enabled
console.warn: SearchSettings: "get: No settings file exists, new profile?" (new NotFoundError("Could not open the file at C:\\Users\\adrian.kuboszek\\AppData\\Local\\Temp\\rust_mozprofileSp3GfS\\search.json.mozlz4", (void 0)))
1625728252765	Marionette	INFO	Listening on port 49434
1625728253125	Marionette	WARN	TLS certificate errors will be ignored for this session
JavaScript error: https://nofluffjobs.com/pl/jobs?criteria=data%20analyst&page=1 line 14791 > injectedScript, line 1: ReferenceError: $ is not defined
JavaScript error: https://static.hsappstatic.net/conversations-visitor-ui/static-1.11471/bundles/visitor.js, line 1: Error: Loading chunk i18n-data-data-locales-pl failed.
(error: https://static.hsappstatic.net/conversations-visitor-ui/static-1.11456/i18n-data-data-locales-pl.js)
JavaScript error: https://static.hsappstatic.net/conversations-visitor-ui/static-1.11471/bundles/visitor.js, line 1: Error: Loading chunk I18n-lang-pl failed.
(error: https://static.hsappstatic.net/conversations-visitor-ui/static-1.11456/I18n-lang-pl.js)
JavaScript error: https://static.hsappstatic.net/conversations-visitor-ui/static-1.11471/bundles/visitor.js, line 1: Error: Loading chunk conversations-visitor-ui-lang-pl failed.
(error: https://static.hsappstatic.net/conversations-visitor-ui/static-1.11456/conversations-visitor-ui-lang-pl.js)
JavaScript error: https://nofluffjobs.com/pl/jobs?criteria=data%20analyst&page=2 line 14791 > injectedScript, line 1: ReferenceError: $ is not defined
JavaScript error: https://nofluffjobs.com/pl/jobs?criteria=data%20analyst&page=3 line 14791 > injectedScript, line 1: ReferenceError: $ is not defined
1625728333763	Marionette	INFO	Stopped listening on port 49434

###!!! [Child][RunMessage] Error: Channel closing: too late to send/recv, messages will be lost

1625728336157	geckodriver	INFO	Listening on 127.0.0.1:49564
1625728339198	mozrunner::runner	INFO	Running command: "C:\\Program Files\\Mozilla Firefox\\firefox.exe" "--marionette" "-foreground" "-no-remote" "-profile" "C:\\Users\\ADRIAN~1.KUB\\AppData\\Local\\Temp\\rust_mozprofileGOL5LC"
1625728339580	Marionette	INFO	Marionette enabled
console.warn: SearchSettings: "get: No settings file exists, new profile?" (new NotFoundError("Could not open the file at C:\\Users\\adrian.kuboszek\\AppData\\Local\\Temp\\rust_mozprofileGOL5LC\\search.json.mozlz4", (void 0)))
1625728341928	Marionette	INFO	Listening on port 49573
1625728342400	Marionette	WARN	TLS certificate errors will be ignored for this session
JavaScript error: https://nofluffjobs.com/pl/jobs?criteria=data%20analyst&page=1 line 14791 > injectedScript, line 1: ReferenceError: $ is not defined
JavaScript error: https://nofluffjobs.com/pl/jobs line 14791 > injectedScript, line 1: ReferenceError: $ is not defined
1625728603443	Marionette	INFO	Stopped listening on port 49573

###!!! [Child][RunMessage] Error: Channel closing: too late to send/recv, messages will be lost

"--marionette" "-foreground" "-no-remote" "-profile" "C:\\Users\\ADRIAN~1.KUB\\AppData\\Local\\Temp\\rust_mozprofileKD6gPj"
1625728554791	Marionette	INFO	Marionette enabled
console.warn: SearchSettings: "get: No settings file exists, new profile?" (new NotFoundError("Could not open the file at C:\\Users\\adrian.kuboszek\\AppData\\Local\\Temp\\rust_mozprofileKD6gPj\\search.json.mozlz4", (void 0)))
1625728557122	Marionette	INFO	Listening on port 49833
1625728557627	Marionette	WARN	TLS certificate errors will be ignored for this session
JavaScript error: https://nofluffjobs.com/pl/jobs/data%20analyst&page line 14791 > injectedScript, line 1: ReferenceError: $ is not defined
JavaScript error: https://nofluffjobs.com/pl/jobs/data%20analyst&page line 14791 > injectedScript, line 1: ReferenceError: $ is not defined
1625728602846	Marionette	INFO	Stopped listening on port 49833
1625728604996	geckodriver	INFO	Listening on 127.0.0.1:49995
1625728608011	mozrunner::runner	INFO	Running command: "C:\\Program Files\\Mozilla Firefox\\firefox.exe" "--marionette" "-foreground" "-no-remote" "-profile" "C:\\Users\\ADRIAN~1.KUB\\AppData\\Local\\Temp\\rust_mozprofile4X0849"
1625728608362	Marionette	INFO	Marionette enabled
console.warn: SearchSettings: "get: No settings file exists, new profile?" (new NotFoundError("Could not open the file at C:\\Users\\adrian.kuboszek\\AppData\\Local\\Temp\\rust_mozprofile4X0849\\search.json.mozlz4", (void 0)))
1625728610523	Marionette	INFO	Listening on port 50064
1625728610675	Marionette	WARN	TLS certificate errors will be ignored for this session
JavaScript error: https://nofluffjobs.com/pl/jobs?criteria=keyword%3D%22data%20analyst%22&page=1 line 14791 > injectedScript, line 1: ReferenceError: $ is not defined
JavaScript error: https://nofluffjobs.com/pl/jobs?criteria=keyword%3D%22data%20analyst%22&page=2 line 14791 > injectedScript, line 1: ReferenceError: $ is not defined
JavaScript error: https://nofluffjobs.com/pl/jobs?criteria=keyword%3D%22data%20analyst%22&page=3 line 14791 > injectedScript, line 1: ReferenceError: $ is not defined
JavaScript error: https://nofluffjobs.com/pl/jobs?criteria=keyword%3D%22data%20analyst%22&page=4 line 14791 > injectedScript, line 1: ReferenceError: $ is not defined
1625728700295	Marionette	INFO	Stopped listening on port 50064

###!!! [Child][RunMessage] Error: Channel closing: too late to send/recv, messages will be lost

"--marionette" "-foreground" "-no-remote" "-profile" "C:\\Users\\ADRIAN~1.KUB\\AppData\\Local\\Temp\\rust_mozprofileU8rBER"
1625728694669	Marionette	INFO	Marionette enabled
console.warn: SearchSettings: "get: No settings file exists, new profile?" (new NotFoundError("Could not open the file at C:\\Users\\adrian.kuboszek\\AppData\\Local\\Temp\\rust_mozprofileU8rBER\\search.json.mozlz4", (void 0)))
1625728697618	Marionette	INFO	Listening on port 50221
1625728697940	Marionette	WARN	TLS certificate errors will be ignored for this session
JavaScript error: https://nofluffjobs.com/pl/jobs?criteria=keyword%3D%22data%20analyst%22&page=1 line 14791 > injectedScript, line 1: ReferenceError: $ is not defined
JavaScript error: https://nofluffjobs.com/pl/jobs?criteria=keyword%3D%22data%20scientist%22&page=1 line 14791 > injectedScript, line 1: ReferenceError: $ is not defined
1625728715292	Marionette	WARN	Ignoring event 'DOMContentLoaded' because document has an invalid readyState of 'complete'.
[Child 11168, IPC I/O Child] WARNING: pipe error: 232: file /builds/worker/checkouts/gecko/ipc/chromium/src/chrome/common/ipc_channel_win.cc:544
[Child 11168, IPC I/O Child] WARNING: pipe error: 232: file /builds/worker/checkouts/gecko/ipc/chromium/src/chrome/common/ipc_channel_win.cc:544
1625728717295	Marionette	INFO	Stopped listening on port 50221

###!!! [Child][RunMessage] Error: Channel closing: too late to send/recv, messages will be lost

1625728726424	geckodriver	INFO	Listening on 127.0.0.1:50361
1625728729450	mozrunner::runner	INFO	Running command: "C:\\Program Files\\Mozilla Firefox\\firefox.exe" "--marionette" "-foreground" "-no-remote" "-profile" "C:\\Users\\ADRIAN~1.KUB\\AppData\\Local\\Temp\\rust_mozprofile4kv8bM"
1625728729833	Marionette	INFO	Marionette enabled
console.warn: SearchSettings: "get: No settings file exists, new profile?" (new NotFoundError("Could not open the file at C:\\Users\\adrian.kuboszek\\AppData\\Local\\Temp\\rust_mozprofile4kv8bM\\search.json.mozlz4", (void 0)))
1625728732026	Marionette	INFO	Listening on port 50374
1625728732124	Marionette	WARN	TLS certificate errors will be ignored for this session
JavaScript error: https://nofluffjobs.com/pl/jobs?criteria=keyword%3D%22data%20analyst%22&page=1 line 14791 > injectedScript, line 1: ReferenceError: $ is not defined
JavaScript error: https://nofluffjobs.com/pl/jobs?criteria=keyword%3D%22data%20scientist%22&page=1 line 14791 > injectedScript, line 1: ReferenceError: $ is not defined
JavaScript error: https://nofluffjobs.com/pl/jobs?criteria=keyword%3D%22data%20engineer%22&page=1 line 14791 > injectedScript, line 1: ReferenceError: $ is not defined
1625728764693	Marionette	INFO	Stopped listening on port 50374

###!!! [Child][RunMessage] Error: Channel closing: too late to send/recv, messages will be lost

1626736074288	geckodriver	INFO	Listening on 127.0.0.1:58568
1626736077318	mozrunner::runner	INFO	Running command: "C:\\Program Files\\Mozilla Firefox\\firefox.exe" "--marionette" "-foreground" "-no-remote" "-profile" "C:\\Users\\ADRIAN~1.KUB\\AppData\\Local\\Temp\\rust_mozprofilePvlcDm"
1626736077782	Marionette	INFO	Marionette enabled
console.warn: SearchSettings: "get: No settings file exists, new profile?" (new NotFoundError("Could not open the file at C:\\Users\\adrian.kuboszek\\AppData\\Local\\Temp\\rust_mozprofilePvlcDm\\search.json.mozlz4", (void 0)))
1626736080289	Marionette	INFO	Listening on port 58635
1626736080548	Marionette	WARN	TLS certificate errors will be ignored for this session
[Child 27076, IPC I/O Child] WARNING: pipe error: 232: file /builds/worker/checkouts/gecko/ipc/chromium/src/chrome/common/ipc_channel_win.cc:544
JavaScript error: https://nofluffjobs.com/pl/jobs?criteria=keyword%3D%22data%20analyst%22&page=1 line 367 > injectedScript, line 1: ReferenceError: $ is not defined
JavaScript error: https://nofluffjobs.com/pl/jobs?criteria=keyword%3D%22data%20scientist%22&page=1 line 367 > injectedScript, line 1: ReferenceError: $ is not defined
JavaScript error: https://nofluffjobs.com/pl/jobs?criteria=keyword%3D%22data%20engineer%22&page=1 line 367 > injectedScript, line 1: ReferenceError: $ is not defined
1626736107193	Marionette	INFO	Stopped listening on port 58635
1655624721506	geckodriver	INFO	Listening on 127.0.0.1:26383
1655624724552	mozrunner::runner	INFO	Running command: "C:\\Program Files\\Mozilla Firefox\\firefox.exe" "--marionette" "-no-remote" "-profile" "C:\\Users\\booko\\AppData\\Local\\Temp\\rust_mozprofileAd6uBi"
1655624724937	Marionette	INFO	Marionette enabled
console.warn: SearchSettings: "get: No settings file exists, new profile?" (new NotFoundError("Could not open the file at C:\\Users\\booko\\AppData\\Local\\Temp\\rust_mozprofileAd6uBi\\search.json.mozlz4", (void 0)))
1655624726698	Marionette	INFO	Listening on port 26407
Read port: 26407
1655624726800	RemoteAgent	WARN	TLS certificate errors will be ignored for this session
JavaScript error: https://nofluffjobs.com/main.14f13b2a71965894.js, line 1: TypeError: window.analytics is undefined
JavaScript error: , line 0: NS_ERROR_NOT_AVAILABLE
1655627067327	Marionette	INFO	Stopped listening on port 26407
JavaScript error: chrome://remote/content/marionette/cert.js, line 55: NS_ERROR_NOT_AVAILABLE: Component returned failure code: 0x80040111 (NS_ERROR_NOT_AVAILABLE) [nsICertOverrideService.setDisableAllSecurityChecksAndLetAttackersInterceptMyData]

###!!! [Parent][PGPUParent] Error: RunMessage(msgname=PGPU::Msg_ShutdownVR) Channel closing: too late to send/recv, messages will be lost

o\\AppData\\Local\\Temp\\rust_mozprofileC58sQg\\search.json.mozlz4", (void 0)))
1655625914453	Marionette	INFO	Listening on port 26516
Read port: 26516
1655625914532	RemoteAgent	WARN	TLS certificate errors will be ignored for this session
JavaScript error: https://nofluffjobs.com/main.14f13b2a71965894.js, line 1: TypeError: window.analytics is undefined
JavaScript error: , line 0: NS_ERROR_NOT_AVAILABLE
1655627068944	Marionette	INFO	Stopped listening on port 26516
JavaScript error: chrome://remote/content/marionette/cert.js, line 55: NS_ERROR_NOT_AVAILABLE: Component returned failure code: 0x80040111 (NS_ERROR_NOT_AVAILABLE) [nsICertOverrideService.setDisableAllSecurityChecksAndLetAttackersInterceptMyData]
s file exists, new profile?" (new NotFoundError("Could not open the file at C:\\Users\\booko\\AppData\\Local\\Temp\\rust_mozprofilel4mIIg\\search.json.mozlz4", (void 0)))
1655626033849	Marionette	INFO	Listening on port 26598
Read port: 26598
1655626033879	RemoteAgent	WARN	TLS certificate errors will be ignored for this session
JavaScript error: https://nofluffjobs.com/main.14f13b2a71965894.js, line 1: TypeError: window.analytics is undefined
JavaScript error: , line 0: NS_ERROR_NOT_AVAILABLE
1655627069848	Marionette	INFO	Stopped listening on port 26598
JavaScript error: chrome://remote/content/marionette/cert.js, line 55: NS_ERROR_NOT_AVAILABLE: Component returned failure code: 0x80040111 (NS_ERROR_NOT_AVAILABLE) [nsICertOverrideService.setDisableAllSecurityChecksAndLetAttackersInterceptMyData]
s file exists, new profile?" (new NotFoundError("Could not open the file at C:\\Users\\booko\\AppData\\Local\\Temp\\rust_mozprofileRYgjm4\\search.json.mozlz4", (void 0)))
1655626047151	Marionette	INFO	Listening on port 26674
Read port: 26674
1655626047331	RemoteAgent	WARN	TLS certificate errors will be ignored for this session
JavaScript error: https://nofluffjobs.com/main.14f13b2a71965894.js, line 1: TypeError: window.analytics is undefined
JavaScript error: , line 0: NS_ERROR_NOT_AVAILABLE
1655627070579	Marionette	INFO	Stopped listening on port 26674
JavaScript error: chrome://remote/content/marionette/cert.js, line 55: NS_ERROR_NOT_AVAILABLE: Component returned failure code: 0x80040111 (NS_ERROR_NOT_AVAILABLE) [nsICertOverrideService.setDisableAllSecurityChecksAndLetAttackersInterceptMyData]

###!!! [Parent][PGPUParent] Error: RunMessage(msgname=PGPU::Msg_ShutdownVR) Channel closing: too late to send/recv, messages will be lost

1655627469256	geckodriver	INFO	Listening on 127.0.0.1:26893
1655627472272	mozrunner::runner	INFO	Running command: "C:\\Program Files\\Mozilla Firefox\\firefox.exe" "--marionette" "-no-remote" "-profile" "C:\\Users\\booko\\AppData\\Local\\Temp\\rust_mozprofileXa1Fy7"
1655627472579	Marionette	INFO	Marionette enabled
console.warn: SearchSettings: "get: No settings file exists, new profile?" (new NotFoundError("Could not open the file at C:\\Users\\booko\\AppData\\Local\\Temp\\rust_mozprofileXa1Fy7\\search.json.mozlz4", (void 0)))
1655627474098	Marionette	INFO	Listening on port 26918
Read port: 26918
1655627474145	RemoteAgent	WARN	TLS certificate errors will be ignored for this session
JavaScript error: https://nofluffjobs.com/main.14f13b2a71965894.js, line 1: TypeError: window.analytics is undefined
JavaScript error: https://nofluffjobs.com/main.14f13b2a71965894.js, line 1: TypeError: window.analytics is undefined
JavaScript error: , line 0: NS_ERROR_NOT_AVAILABLE
JavaScript error: https://nofluffjobs.com/main.14f13b2a71965894.js, line 1: TypeError: window.analytics is undefined
JavaScript error: https://nofluffjobs.com/main.14f13b2a71965894.js, line 1: TypeError: window.analytics is undefined
JavaScript error: https://nofluffjobs.com/main.14f13b2a71965894.js, line 1: TypeError: window.analytics is undefined
JavaScript error: https://nofluffjobs.com/main.14f13b2a71965894.js, line 1: TypeError: window.analytics is undefined
JavaScript error: https://nofluffjobs.com/main.14f13b2a71965894.js, line 1: TypeError: window.analytics is undefined
JavaScript error: https://nofluffjobs.com/main.14f13b2a71965894.js, line 1: TypeError: window.analytics is undefined
JavaScript error: https://nofluffjobs.com/main.14f13b2a71965894.js, line 1: TypeError: window.analytics is undefined
JavaScript error: https://nofluffjobs.com/main.14f13b2a71965894.js, line 1: TypeError: window.analytics is undefined
JavaScript error: https://nofluffjobs.com/main.14f13b2a71965894.js, line 1: TypeError: window.analytics is undefined
JavaScript error: https://nofluffjobs.com/main.14f13b2a71965894.js, line 1: TypeError: window.analytics is undefined
JavaScript error: https://nofluffjobs.com/main.14f13b2a71965894.js, line 1: TypeError: window.analytics is undefined
JavaScript error: https://nofluffjobs.com/main.14f13b2a71965894.js, line 1: TypeError: window.analytics is undefined
JavaScript error: https://nofluffjobs.com/main.14f13b2a71965894.js, line 1: TypeError: window.analytics is undefined
JavaScript error: https://nofluffjobs.com/main.14f13b2a71965894.js, line 1: TypeError: window.analytics is undefined
JavaScript error: https://nofluffjobs.com/main.14f13b2a71965894.js, line 1: TypeError: window.analytics is undefined
JavaScript error: https://nofluffjobs.com/main.14f13b2a71965894.js, line 1: TypeError: window.analytics is undefined
JavaScript error: https://nofluffjobs.com/main.14f13b2a71965894.js, line 1: TypeError: window.analytics is undefined
JavaScript error: https://nofluffjobs.com/main.14f13b2a71965894.js, line 1: TypeError: window.analytics is undefined
JavaScript error: https://nofluffjobs.com/main.14f13b2a71965894.js, line 1: TypeError: window.analytics is undefined
JavaScript error: https://nofluffjobs.com/main.14f13b2a71965894.js, line 1: TypeError: window.analytics is undefined
JavaScript error: https://nofluffjobs.com/main.14f13b2a71965894.js, line 1: TypeError: window.analytics is undefined
JavaScript error: https://nofluffjobs.com/main.14f13b2a71965894.js, line 1: TypeError: window.analytics is undefined
JavaScript error: https://nofluffjobs.com/main.14f13b2a71965894.js, line 1: TypeError: window.analytics is undefined
JavaScript error: https://nofluffjobs.com/main.14f13b2a71965894.js, line 1: TypeError: window.analytics is undefined
JavaScript error: https://nofluffjobs.com/main.14f13b2a71965894.js, line 1: TypeError: window.analytics is undefined
JavaScript error: https://nofluffjobs.com/main.14f13b2a71965894.js, line 1: TypeError: window.analytics is undefined
1655633761207	Marionette	INFO	Stopped listening on port 26918
5632699911	mozrunner::runner	INFO	Running command: "C:\\Program Files\\Mozilla Firefox\\firefox.exe" "--marionette" "-no-remote" "-profile" "C:\\Users\\booko\\AppData\\Local\\Temp\\rust_mozprofileLYbp9i"
1655632700262	Marionette	INFO	Marionette enabled
console.warn: SearchSettings: "get: No settings file exists, new profile?" (new NotFoundError("Could not open the file at C:\\Users\\booko\\AppData\\Local\\Temp\\rust_mozprofileLYbp9i\\search.json.mozlz4", (void 0)))
1655632701873	Marionette	INFO	Listening on port 27517
Read port: 27517
1655632701998	RemoteAgent	WARN	TLS certificate errors will be ignored for this session
JavaScript error: https://nofluffjobs.com/main.14f13b2a71965894.js, line 1: TypeError: window.analytics is undefined
JavaScript error: https://nofluffjobs.com/main.14f13b2a71965894.js, line 1: TypeError: window.analytics is undefined
JavaScript error: https://nofluffjobs.com/main.14f13b2a71965894.js, line 1: TypeError: window.analytics is undefined
JavaScript error: https://nofluffjobs.com/main.14f13b2a71965894.js, line 1: TypeError: window.analytics is undefined
JavaScript error: https://nofluffjobs.com/main.14f13b2a71965894.js, line 1: TypeError: window.analytics is undefined
JavaScript error: https://nofluffjobs.com/main.14f13b2a71965894.js, line 1: TypeError: window.analytics is undefined
JavaScript error: https://nofluffjobs.com/main.14f13b2a71965894.js, line 1: TypeError: window.analytics is undefined
JavaScript error: https://nofluffjobs.com/main.14f13b2a71965894.js, line 1: TypeError: window.analytics is undefined
JavaScript error: https://nofluffjobs.com/main.14f13b2a71965894.js, line 1: TypeError: window.analytics is undefined
JavaScript error: https://nofluffjobs.com/main.14f13b2a71965894.js, line 1: TypeError: window.analytics is undefined
JavaScript error: https://nofluffjobs.com/main.14f13b2a71965894.js, line 1: TypeError: window.analytics is undefined
JavaScript error: https://nofluffjobs.com/main.14f13b2a71965894.js, line 1: TypeError: window.analytics is undefined
JavaScript error: https://nofluffjobs.com/main.14f13b2a71965894.js, line 1: TypeError: window.analytics is undefined
JavaScript error: https://nofluffjobs.com/main.14f13b2a71965894.js, line 1: TypeError: window.analytics is undefined
JavaScript error: https://nofluffjobs.com/main.14f13b2a71965894.js, line 1: TypeError: window.analytics is undefined
JavaScript error: https://nofluffjobs.com/main.14f13b2a71965894.js, line 1: TypeError: window.analytics is undefined
JavaScript error: https://nofluffjobs.com/main.14f13b2a71965894.js, line 1: TypeError: window.analytics is undefined
JavaScript error: https://nofluffjobs.com/main.14f13b2a71965894.js, line 1: TypeError: window.analytics is undefined
JavaScript error: https://nofluffjobs.com/main.14f13b2a71965894.js, line 1: TypeError: window.analytics is undefined
JavaScript error: https://nofluffjobs.com/main.14f13b2a71965894.js, line 1: TypeError: window.analytics is undefined
JavaScript error: https://nofluffjobs.com/main.14f13b2a71965894.js, line 1: TypeError: window.analytics is undefined
JavaScript error: https://nofluffjobs.com/main.14f13b2a71965894.js, line 1: TypeError: window.analytics is undefined
JavaScript error: https://nofluffjobs.com/main.14f13b2a71965894.js, line 1: TypeError: window.analytics is undefined
JavaScript error: https://nofluffjobs.com/main.14f13b2a71965894.js, line 1: TypeError: window.analytics is undefined
JavaScript error: https://nofluffjobs.com/main.14f13b2a71965894.js, line 1: TypeError: window.analytics is undefined
JavaScript error: https://nofluffjobs.com/main.14f13b2a71965894.js, line 1: TypeError: window.analytics is undefined
JavaScript error: https://nofluffjobs.com/main.14f13b2a71965894.js, line 1: TypeError: window.analytics is undefined
JavaScript error: https://nofluffjobs.com/main.14f13b2a71965894.js, line 1: TypeError: window.analytics is undefined
JavaScript error: https://nofluffjobs.com/main.14f13b2a71965894.js, line 1: TypeError: window.analytics is undefined
JavaScript error: https://nofluffjobs.com/main.14f13b2a71965894.js, line 1: TypeError: window.analytics is undefined
JavaScript error: https://nofluffjobs.com/main.14f13b2a71965894.js, line 1: TypeError: window.analytics is undefined
JavaScript error: , line 0: NS_ERROR_NOT_AVAILABLE
1655633764336	Marionette	INFO	Stopped listening on port 27517
JavaScript error: chrome://remote/content/marionette/cert.js, line 55: NS_ERROR_NOT_AVAILABLE: Component returned failure code: 0x80040111 (NS_ERROR_NOT_AVAILABLE) [nsICertOverrideService.setDisableAllSecurityChecksAndLetAttackersInterceptMyData]
[Parent 31288, IPC I/O Parent] WARNING: DuplicateHandle failed for handle 0 in TransferHandles: file /builds/worker/checkouts/gecko/ipc/chromium/src/chrome/common/ipc_channel_win.cc:723
1655634138281	geckodriver	INFO	Listening on 127.0.0.1:27794
1655634141323	mozrunner::runner	INFO	Running command: "C:\\Program Files\\Mozilla Firefox\\firefox.exe" "--marionette" "-no-remote" "-profile" "C:\\Users\\booko\\AppData\\Local\\Temp\\rust_mozprofileKEhQVr"
1655634141568	Marionette	INFO	Marionette enabled
console.warn: SearchSettings: "get: No settings file exists, new profile?" (new NotFoundError("Could not open the file at C:\\Users\\booko\\AppData\\Local\\Temp\\rust_mozprofileKEhQVr\\search.json.mozlz4", (void 0)))
1655634142756	Marionette	INFO	Listening on port 27816
Read port: 27816
1655634142875	RemoteAgent	WARN	TLS certificate errors will be ignored for this session
1655634145238	Marionette	WARN	Ignoring event 'DOMContentLoaded' because document has an invalid readyState of 'complete'.
JavaScript error: https://nofluffjobs.com/main.14f13b2a71965894.js, line 1: TypeError: window.analytics is undefined
JavaScript error: https://nofluffjobs.com/main.14f13b2a71965894.js, line 1: TypeError: window.analytics is undefined
JavaScript error: https://nofluffjobs.com/main.14f13b2a71965894.js, line 1: TypeError: window.analytics is undefined
JavaScript error: https://nofluffjobs.com/main.14f13b2a71965894.js, line 1: TypeError: window.analytics is undefined
JavaScript error: https://nofluffjobs.com/main.14f13b2a71965894.js, line 1: TypeError: window.analytics is undefined
JavaScript error: https://nofluffjobs.com/main.14f13b2a71965894.js, line 1: TypeError: window.analytics is undefined
JavaScript error: https://nofluffjobs.com/main.14f13b2a71965894.js, line 1: TypeError: window.analytics is undefined
JavaScript error: https://nofluffjobs.com/main.14f13b2a71965894.js, line 1: TypeError: window.analytics is undefined
JavaScript error: https://nofluffjobs.com/main.14f13b2a71965894.js, line 1: TypeError: window.analytics is undefined
JavaScript error: , line 0: NS_ERROR_NOT_AVAILABLE
1655635133243	Marionette	INFO	Stopped listening on port 27816
JavaScript error: chrome://remote/content/marionette/cert.js, line 55: NS_ERROR_NOT_AVAILABLE: Component returned failure code: 0x80040111 (NS_ERROR_NOT_AVAILABLE) [nsICertOverrideService.setDisableAllSecurityChecksAndLetAttackersInterceptMyData]

###!!! [Parent][PGPUParent] Error: RunMessage(msgname=PGPU::Msg_ShutdownVR) Channel closing: too late to send/recv, messages will be lost

1698566736644	geckodriver	INFO	Listening on 127.0.0.1:5822
1698566739656	mozrunner::runner	INFO	Running command: "C:\\Program Files\\Mozilla Firefox\\firefox.exe" "--marionette" "--remote-debugging-port" "5823" "--remote-allow-hosts" "localhost" "-no-remote" "-profile" "C:\\Users\\booko\\AppData\\Local\\Temp\\rust_mozprofilerlwh2S"
console.warn: services.settings: Ignoring preference override of remote settings server
console.warn: services.settings: Allow by setting MOZ_REMOTE_SETTINGS_DEVTOOLS=1 in the environment
1698566739986	Marionette	INFO	Marionette enabled
Dynamically enable window occlusion 0
1698566740059	Marionette	INFO	Listening on port 5831
WebDriver BiDi listening on ws://127.0.0.1:5823
Read port: 5831
1698566740244	RemoteAgent	WARN	TLS certificate errors will be ignored for this session
DevTools listening on ws://127.0.0.1:5823/devtools/browser/f7648aed-65a7-428f-8142-9fa8776c9abe
JavaScript error: https://nofluffjobs.com/libsinfra/otSDKStub.js/scripttemplates/202310.1.0/infrasdk.js, line 7: TypeError: r is undefined
JavaScript error: https://nofluffjobs.com/libsinfra/otSDKStub.js/scripttemplates/202310.1.0/infrasdk.js, line 7: TypeError: r is undefined
1698566770017	addons.xpi	ERROR	System addon update list error SyntaxError: XMLHttpRequest.open: 'http://%(server)s/dummy-system-addons.xml' is not a valid URL.
JavaScript error: resource://gre/actors/ContentMetaChild.sys.mjs, line 179: InvalidStateError: JSWindowActorChild.sendAsyncMessage: JSWindowActorChild cannot send at the moment
console.warn: "Listener for event 'frame' did not return a promise."
console.warn: "Listener for event 'frame' did not return a promise."
console.warn: "Listener for event 'frame' did not return a promise."
console.warn: "Listener for event 'frame' did not return a promise."
console.warn: "Listener for event 'frame' did not return a promise."
console.warn: "Listener for event 'frame' did not return a promise."
console.error: (new TypeError("parent is null", "resource://devtools/client/inspector/shared/style-change-tracker.js", 67))
TypeError: parent is null: canMutationImpactCurrentStyles@resource://devtools/client/inspector/shared/style-change-tracker.js:67:24
onMutations@resource://devtools/client/inspector/shared/style-change-tracker.js:84:41
_emit@resource://devtools/shared/event-emitter.js:242:32
emit@resource://devtools/shared/event-emitter.js:186:18
emit@resource://devtools/shared/event-emitter.js:330:18
getMutations@resource://devtools/client/fronts/walker.js:309:10

console.error: (new TypeError("container.node.targetFront is null", "resource://devtools/client/inspector/markup/markup.js", 2401))
Handler function threw an exception: TypeError: browsingContext.currentWindowGlobal is null
Stack: isChannelFromSystemPrincipal@resource://devtools/shared/network-observer/NetworkUtils.sys.mjs:89:1
_createResource@resource://devtools/server/actors/network-monitor/network-event-actor.js:186:40
NetworkEventActor@resource://devtools/server/actors/network-monitor/network-event-actor.js:104:27
onNetworkEvent@resource://devtools/server/actors/resources/network-events.js:284:19
#createNetworkEvent@resource://devtools/shared/network-observer/NetworkObserver.sys.mjs:684:46
#onRequestHeader@resource://devtools/shared/network-observer/NetworkObserver.sys.mjs:728:29
@resource://devtools/shared/network-observer/NetworkObserver.sys.mjs:604:28
makeInfallible/<@resource://devtools/shared/DevToolsInfaillibleUtils.sys.mjs:43:22
Line: 89, column: 1
console.error: (new TypeError("browsingContext.currentWindowGlobal is null", "resource://devtools/shared/network-observer/NetworkUtils.sys.mjs", 89))
Handler function threw an exception: TypeError: httpActivity.owner is null
Stack: #sendRequestBody@resource://devtools/shared/network-observer/NetworkObserver.sys.mjs:1358:7
#dispatchActivity@resource://devtools/shared/network-observer/NetworkObserver.sys.mjs:518:30
@resource://devtools/shared/network-observer/NetworkObserver.sys.mjs:634:29
makeInfallible/<@resource://devtools/shared/DevToolsInfaillibleUtils.sys.mjs:43:22
Line: 1358, column: 7
console.error: (new TypeError("httpActivity.owner is null", "resource://devtools/shared/network-observer/NetworkObserver.sys.mjs", 1358))
console.error: "Unable to find target with innerWindowId:6442450961"
console.error: "Unable to find target with innerWindowId:6442450961"
console.error: "Unable to find target with innerWindowId:6442450961"
console.error: "Unable to find target with innerWindowId:6442450961"
console.error: "Unable to find target with innerWindowId:6442450961"
console.error: "Unable to find target with innerWindowId:6442450961"
console.error: "Unable to find target with innerWindowId:6442450961"
Handler function threw an exception: TypeError: browsingContext.currentWindowGlobal is null
Stack: isChannelFromSystemPrincipal@resource://devtools/shared/network-observer/NetworkUtils.sys.mjs:89:1
_createResource@resource://devtools/server/actors/network-monitor/network-event-actor.js:186:40
NetworkEventActor@resource://devtools/server/actors/network-monitor/network-event-actor.js:104:27
onNetworkEvent@resource://devtools/server/actors/resources/network-events.js:284:19
#createNetworkEvent@resource://devtools/shared/network-observer/NetworkObserver.sys.mjs:684:46
@resource://devtools/shared/network-observer/NetworkObserver.sys.mjs:342:33
makeInfallible/<@resource://devtools/shared/DevToolsInfaillibleUtils.sys.mjs:43:22
Line: 89, column: 1
console.error: (new TypeError("browsingContext.currentWindowGlobal is null", "resource://devtools/shared/network-observer/NetworkUtils.sys.mjs", 89))
Handler function threw an exception: TypeError: browsingContext.currentWindowGlobal is null
Stack: isChannelFromSystemPrincipal@resource://devtools/shared/network-observer/NetworkUtils.sys.mjs:89:1
_createResource@resource://devtools/server/actors/network-monitor/network-event-actor.js:186:40
NetworkEventActor@resource://devtools/server/actors/network-monitor/network-event-actor.js:104:27
onNetworkEvent@resource://devtools/server/actors/resources/network-events.js:284:19
#createNetworkEvent@resource://devtools/shared/network-observer/NetworkObserver.sys.mjs:684:46
@resource://devtools/shared/network-observer/NetworkObserver.sys.mjs:342:33
makeInfallible/<@resource://devtools/shared/DevToolsInfaillibleUtils.sys.mjs:43:22
Line: 89, column: 1
console.error: (new TypeError("browsingContext.currentWindowGlobal is null", "resource://devtools/shared/network-observer/NetworkUtils.sys.mjs", 89))
console.error: "Unable to find target with innerWindowId:6442450961"
console.error: "Unable to find target with innerWindowId:6442450975"
console.warn: "Listener for event 'frame' did not return a promise."
console.warn: "Listener for event 'frame' did not return a promise."
console.warn: "Listener for event 'frame' did not return a promise."
console.warn: "Listener for event 'frame' did not return a promise."
console.warn: "Listener for event 'frame' did not return a promise."
console.warn: "Listener for event 'frame' did not return a promise."
console.error: "Unable to find target with innerWindowId:6442450976"
console.error: "Unable to find target with innerWindowId:6442450976"
console.error: "Unable to find target with innerWindowId:6442450976"
console.error: "Unable to find target with innerWindowId:6442450976"
console.error: "Unable to find target with innerWindowId:6442450976"
console.error: "Unable to find target with innerWindowId:6442450976"
console.warn: "Listener for event 'frame' did not return a promise."
console.warn: "Listener for event 'frame' did not return a promise."
console.warn: "Listener for event 'frame' did not return a promise."
console.warn: "Listener for event 'frame' did not return a promise."
console.warn: "Listener for event 'frame' did not return a promise."
console.warn: "Listener for event 'frame' did not return a promise."
JavaScript error: , line 0: NotFoundError: No such JSWindowActor 'DevToolsFrame'
JavaScript error: , line 0: NotFoundError: No such JSWindowActor 'DevToolsFrame'
JavaScript error: , line 0: NotFoundError: No such JSWindowActor 'DevToolsFrame'
JavaScript error: , line 0: NotFoundError: No such JSWindowActor 'DevToolsFrame'
JavaScript error: , line 0: NotFoundError: No such JSWindowActor 'DevToolsFrame'
JavaScript error: , line 0: NotFoundError: No such JSWindowActor 'DevToolsFrame'
JavaScript error: , line 0: NotFoundError: No such JSWindowActor 'DevToolsFrame'
JavaScript warning: https://nofluffjobs.com/polyfills.4cecc163bace613f.js, line 1: Script terminated by timeout at:
88583/Ln/K/X.args[0]@https://nofluffjobs.com/polyfills.4cecc163bace613f.js:1:48474

1698568087502	Marionette	INFO	Stopped listening on port 5831
Dynamically enable window occlusion 1
1698568099736	geckodriver	INFO	Listening on 127.0.0.1:6647
1698568102737	mozrunner::runner	INFO	Running command: "C:\\Program Files\\Mozilla Firefox\\firefox.exe" "--marionette" "--remote-debugging-port" "6648" "--remote-allow-hosts" "localhost" "-no-remote" "-profile" "C:\\Users\\booko\\AppData\\Local\\Temp\\rust_mozprofileRakZXx"
console.warn: services.settings: Ignoring preference override of remote settings server
console.warn: services.settings: Allow by setting MOZ_REMOTE_SETTINGS_DEVTOOLS=1 in the environment
1698568103056	Marionette	INFO	Marionette enabled
Dynamically enable window occlusion 0
1698568103128	Marionette	INFO	Listening on port 6655
WebDriver BiDi listening on ws://127.0.0.1:6648
Read port: 6655
1698568103295	RemoteAgent	WARN	TLS certificate errors will be ignored for this session
DevTools listening on ws://127.0.0.1:6648/devtools/browser/aba5e14e-2f07-4038-a373-e523fb857b83
JavaScript error: https://nofluffjobs.com/libsinfra/otSDKStub.js/scripttemplates/202310.1.0/infrasdk.js, line 7: TypeError: _.bannerGroup is undefined
1698568134085	addons.xpi	ERROR	System addon update list error SyntaxError: XMLHttpRequest.open: 'http://%(server)s/dummy-system-addons.xml' is not a valid URL.
JavaScript warning: https://nofluffjobs.com/polyfills.4cecc163bace613f.js, line 1: Script terminated by timeout at:
fe@https://nofluffjobs.com/polyfills.4cecc163bace613f.js:1:37805

JavaScript error: resource://gre/modules/AsyncShutdown.sys.mjs, line 573: NotFoundError: No such JSWindowActor 'DevToolsFrame'
JavaScript error: resource://gre/modules/AsyncShutdown.sys.mjs, line 573: NotFoundError: No such JSWindowActor 'DevToolsFrame'
JavaScript error: resource://gre/modules/AsyncShutdown.sys.mjs, line 573: NotFoundError: No such JSWindowActor 'DevToolsFrame'
JavaScript error: resource://gre/modules/AsyncShutdown.sys.mjs, line 573: NotFoundError: No such JSWindowActor 'DevToolsFrame'
JavaScript error: resource://gre/modules/AsyncShutdown.sys.mjs, line 573: NotFoundError: No such JSWindowActor 'DevToolsFrame'
1698568152619	Marionette	INFO	Stopped listening on port 6655
Dynamically enable window occlJavaScript error: https://nofluffjobs.com/libsinfra/otSDKStub.js/scripttemplates/202310.1.0/infrasdk.js, line 7: TypeError: _.bannerGroup is undefined
1698568180274	addons.xpi	ERROR	System addon update list error SyntaxError: XMLHttpRequest.open: 'http://%(server)s/dummy-system-addons.xml' is not a valid URL.
console.warn: "Listener for event 'frame' did not return a promise."
console.warn: "Listener for event 'frame' did not return a promise."
console.warn: "Listener for event 'frame' did not return a promise."
console.warn: "Listener for event 'frame' did not return a promise."
console.warn: "Listener for event 'frame' did not return a promise."
console.warn: "Listener for event 'frame' did not return a promise."
JavaScript error: , line 0: NotFoundError: No such JSWindowActor 'DevToolsFrame'
JavaScript error: , line 0: NotFoundError: No such JSWindowActor 'DevToolsFrame'
JavaScript error: , line 0: NotFoundError: No such JSWindowActor 'DevToolsFrame'
JavaScript error: , line 0: NotFoundError: No such JSWindowActor 'DevToolsFrame'
JavaScript error: , line 0: NotFoundError: No such JSWindowActor 'DevToolsFrame'
JavaScript error: , line 0: NotFoundError: No such JSWindowActor 'DevToolsFrame'
JavaScript error: , line 0: NotFoundError: No such JSWindowActor 'DevToolsFrame'
